2025-02-18 18:04:20,497 - INFO - ipopt: The optimal decision is [ 0.014959    0.55469479 -0.14537263 -0.18821872  0.06146609  0.02541602
  0.01213508 -0.26791773 -0.04507792  0.35581417  0.16413316  0.15835554
 -0.12784695 -0.34785743  0.17245343  0.30409498 -0.06338532  0.2538292
 -0.07410298  0.21219219] with the optimal value 0.4437564137203287.
2025-02-18 18:04:20,497 - INFO - Demonstrate the performance of the optimal decision.
2025-02-18 18:04:23,652 - INFO - Start running the vanilla algorithm.
2025-02-18 18:04:26,697 - INFO - Finish running the vanilla algorithm.
2025-02-18 18:04:26,697 - INFO - The decision vector is [ 0.21176417  0.05534877  0.08306963 -0.56247761 -0.25799649  0.13451915
  0.22627988 -0.23830916  0.11905532  0.10402091  0.08045033 -0.11679028
 -0.19048376 -0.20712144 -0.30092852  0.0621774  -0.0132069   0.37979889
  0.25103989  0.10001324] with norm 1.0.
2025-02-18 18:04:26,697 - INFO - The final utility averaged over trials is 0.13723790415623485.
2025-02-18 18:04:26,697 - INFO - Start running the composite algorithm.
2025-02-18 18:04:29,700 - INFO - Finish running the composite algorithm.
2025-02-18 18:04:29,700 - INFO - The decision vector is [ 0.21542378  0.06747544  0.07763524 -0.56322655 -0.25945838  0.13560611
  0.22593318 -0.24416266  0.11385561  0.10667199  0.08738296 -0.0976403
 -0.19261825 -0.20992796 -0.3033309   0.077144   -0.01445805  0.37686842
  0.23583196  0.10449907] with norm 0.9999999999999999.
2025-02-18 18:04:29,716 - INFO - The final utility averaged over trials is 0.14662284535264863.
2025-02-18 18:04:32,431 - INFO - Results saved successfully.
